<test-run id="2" duration="97.5791649" testcasecount="6" total="6" passed="6" failed="0" inconclusive="0" skipped="0" result="Passed" start-time="2024-02-28T 14:05:59Z" end-time="2024-02-28T 14:07:38Z">
  <test-suite type="Assembly" name="uk.co.nfocus.ecommerceproject.dll" fullname="C:\Users\AbidMiah\source\repos\uk.co.nfocus.ecommerceproject\uk.co.nfocus.ecommerceproject\bin\Debug\net6.0\uk.co.nfocus.ecommerceproject.dll" total="6" passed="6" failed="0" inconclusive="0" skipped="0" result="Passed" start-time="2024-02-28T 14:06:00Z" end-time="2024-02-28T 14:07:37Z" duration="97.5791649">
    <test-suite type="TestSuite" name="uk" fullname="uk" total="6" passed="6" failed="0" inconclusive="0" skipped="0" result="Passed" start-time="2024-02-28T 14:06:00Z" end-time="2024-02-28T 14:07:37Z" duration="97.5791649">
      <test-suite type="TestSuite" name="co" fullname="uk.co" total="6" passed="6" failed="0" inconclusive="0" skipped="0" result="Passed" start-time="2024-02-28T 14:06:00Z" end-time="2024-02-28T 14:07:37Z" duration="97.5791649">
        <test-suite type="TestSuite" name="nfocus" fullname="uk.co.nfocus" total="6" passed="6" failed="0" inconclusive="0" skipped="0" result="Passed" start-time="2024-02-28T 14:06:00Z" end-time="2024-02-28T 14:07:37Z" duration="97.5791649">
          <test-suite type="TestSuite" name="ecommerceproject" fullname="uk.co.nfocus.ecommerceproject" total="6" passed="6" failed="0" inconclusive="0" skipped="0" result="Passed" start-time="2024-02-28T 14:06:00Z" end-time="2024-02-28T 14:07:37Z" duration="97.5791649">
            <test-suite type="TestSuite" name="Features" fullname="uk.co.nfocus.ecommerceproject.Features" total="6" passed="6" failed="0" inconclusive="0" skipped="0" result="Passed" start-time="2024-02-28T 14:06:00Z" end-time="2024-02-28T 14:07:37Z" duration="97.5791649">
              <test-suite type="TestFixture" name="PlacingOrderFeature" fullname="uk.co.nfocus.ecommerceproject.Features.PlacingOrderFeature" classname="uk.co.nfocus.ecommerceproject.Features.PlacingOrderFeature" total="6" passed="6" failed="0" inconclusive="0" skipped="0" result="Passed" start-time="2024-02-28T 14:06:00Z" end-time="2024-02-28T 14:07:37Z" duration="97.5791649">
                <test-case name="ApplyingADiscountToTheShoppingCart(&quot;Beanie&quot;,null)" fullname="uk.co.nfocus.ecommerceproject.Features.PlacingOrderFeature.ApplyingADiscountToTheShoppingCart(&quot;Beanie&quot;,null)" methodname="ApplyingADiscountToTheShoppingCart(&quot;Beanie&quot;,null)" classname="PlacingOrderFeature" result="Passed" start-time="2024-02-28T 14:06:00Z" end-time="2024-02-28T 14:06:15Z" duration="15.452074" asserts="0" seed="1971388452">
                  <properties>
                    <property name="Category" value="TestCase1_Coupon" />
                    <property name="Category" value="GUI" />
                  </properties>
                  <output><![CDATA[BROWSER env not set: Setting to Edge..
Given I am on the eCommerce Website
-> done: LoginSteps.GivenIAmOnTheECommerceWebsite() (0.7s)
And I am logged in as a registered user
Successfully Logged In
Navigated to the Cart Page
Check Cart Cleared
-> done: LoginSteps.GivenIAmLoggedInAsARegisteredUser() (1.6s)
When I add 'Beanie' into my cart
Navigated to the Shop Page
Verified that the 'Beanie' item exists on the shop page
Added the 'Beanie' item to the cart
-> done: CouponDiscountSteps.WhenIAddAnIntoMyCart("Beanie") (1.6s)
And I apply the coupon code 'edgewords' to the cart
Verified that the 'Beanie' item is in the cart
Valid Coupon Applied: 'edgewords'..
-> done: CouponDiscountSteps.WhenIApplyTheCouponCodeToTheCart("edgewords") (5.4s)
Then I recieve '15'% discount off my total, excluding shipping
Applied a 15% discount
Verified that the discount was correctly applied to the cart..
Expected total value: £19.25, Actual total value: £19.25
Attaching 'Coupon_Discount_Price' screenshot to report
-> done: CouponDiscountSteps.ThenIRecieveDiscountOffMyTotalExcludingShipping(15) (0.2s)
Navigated to Account page
Successfully Logged Out
Test Passed & Completed!

]]></output>
                  <attachments>
                    <attachment>
                      <filePath>C:\Users\AbidMiah\source\repos\uk.co.nfocus.ecommerceproject\uk.co.nfocus.ecommerceproject\Screenshots\Coupon_Discount_Price_2024-02-28 14-06-12.png</filePath>
                      <description><![CDATA[Coupon_Discount_Price png]]></description>
                    </attachment>
                  </attachments>
                </test-case>
                <test-case name="ApplyingADiscountToTheShoppingCart(&quot;Belt&quot;,null)" fullname="uk.co.nfocus.ecommerceproject.Features.PlacingOrderFeature.ApplyingADiscountToTheShoppingCart(&quot;Belt&quot;,null)" methodname="ApplyingADiscountToTheShoppingCart(&quot;Belt&quot;,null)" classname="PlacingOrderFeature" result="Passed" start-time="2024-02-28T 14:06:15Z" end-time="2024-02-28T 14:06:33Z" duration="17.628319" asserts="0" seed="1833615655">
                  <properties>
                    <property name="Category" value="TestCase1_Coupon" />
                    <property name="Category" value="GUI" />
                  </properties>
                  <output><![CDATA[BROWSER env not set: Setting to Edge..
Given I am on the eCommerce Website
-> done: LoginSteps.GivenIAmOnTheECommerceWebsite() (0.6s)
And I am logged in as a registered user
Successfully Logged In
Navigated to the Cart Page
Check Cart Cleared
-> done: LoginSteps.GivenIAmLoggedInAsARegisteredUser() (3.8s)
When I add 'Belt' into my cart
Navigated to the Shop Page
Verified that the 'Belt' item exists on the shop page
Added the 'Belt' item to the cart
-> done: CouponDiscountSteps.WhenIAddAnIntoMyCart("Belt") (1.6s)
And I apply the coupon code 'edgewords' to the cart
Verified that the 'Belt' item is in the cart
Valid Coupon Applied: 'edgewords'..
-> done: CouponDiscountSteps.WhenIApplyTheCouponCodeToTheCart("edgewords") (5.5s)
Then I recieve '15'% discount off my total, excluding shipping
Applied a 15% discount
Verified that the discount was correctly applied to the cart..
Expected total value: £50.70, Actual total value: £50.70
Attaching 'Coupon_Discount_Price' screenshot to report
-> done: CouponDiscountSteps.ThenIRecieveDiscountOffMyTotalExcludingShipping(15) (0.3s)
Navigated to Account page
Successfully Logged Out
Test Passed & Completed!

]]></output>
                  <attachments>
                    <attachment>
                      <filePath>C:\Users\AbidMiah\source\repos\uk.co.nfocus.ecommerceproject\uk.co.nfocus.ecommerceproject\Screenshots\Coupon_Discount_Price_2024-02-28 14-06-30.png</filePath>
                      <description><![CDATA[Coupon_Discount_Price png]]></description>
                    </attachment>
                  </attachments>
                </test-case>
                <test-case name="ApplyingADiscountToTheShoppingCart(&quot;Polo&quot;,null)" fullname="uk.co.nfocus.ecommerceproject.Features.PlacingOrderFeature.ApplyingADiscountToTheShoppingCart(&quot;Polo&quot;,null)" methodname="ApplyingADiscountToTheShoppingCart(&quot;Polo&quot;,null)" classname="PlacingOrderFeature" result="Passed" start-time="2024-02-28T 14:06:33Z" end-time="2024-02-28T 14:06:51Z" duration="17.822229" asserts="0" seed="1784777843">
                  <properties>
                    <property name="Category" value="TestCase1_Coupon" />
                    <property name="Category" value="GUI" />
                  </properties>
                  <output><![CDATA[BROWSER env not set: Setting to Edge..
Given I am on the eCommerce Website
-> done: LoginSteps.GivenIAmOnTheECommerceWebsite() (0.7s)
And I am logged in as a registered user
Successfully Logged In
Navigated to the Cart Page
Check Cart Cleared
-> done: LoginSteps.GivenIAmLoggedInAsARegisteredUser() (3.9s)
When I add 'Polo' into my cart
Navigated to the Shop Page
Verified that the 'Polo' item exists on the shop page
Added the 'Polo' item to the cart
-> done: CouponDiscountSteps.WhenIAddAnIntoMyCart("Polo") (1.6s)
And I apply the coupon code 'edgewords' to the cart
Verified that the 'Polo' item is in the cart
Valid Coupon Applied: 'edgewords'..
-> done: CouponDiscountSteps.WhenIApplyTheCouponCodeToTheCart("edgewords") (5.4s)
Then I recieve '15'% discount off my total, excluding shipping
Applied a 15% discount
Verified that the discount was correctly applied to the cart..
Expected total value: £20.95, Actual total value: £20.95
Attaching 'Coupon_Discount_Price' screenshot to report
-> done: CouponDiscountSteps.ThenIRecieveDiscountOffMyTotalExcludingShipping(15) (0.4s)
Navigated to Account page
Successfully Logged Out
Test Passed & Completed!

]]></output>
                  <attachments>
                    <attachment>
                      <filePath>C:\Users\AbidMiah\source\repos\uk.co.nfocus.ecommerceproject\uk.co.nfocus.ecommerceproject\Screenshots\Coupon_Discount_Price_2024-02-28 14-06-48.png</filePath>
                      <description><![CDATA[Coupon_Discount_Price png]]></description>
                    </attachment>
                  </attachments>
                </test-case>
                <test-case name="ApplyingADiscountToTheShoppingCart(&quot;Sunglasses&quot;,null)" fullname="uk.co.nfocus.ecommerceproject.Features.PlacingOrderFeature.ApplyingADiscountToTheShoppingCart(&quot;Sunglasses&quot;,null)" methodname="ApplyingADiscountToTheShoppingCart(&quot;Sunglasses&quot;,null)" classname="PlacingOrderFeature" result="Passed" start-time="2024-02-28T 14:06:51Z" end-time="2024-02-28T 14:07:09Z" duration="18.2907699" asserts="0" seed="2053146120">
                  <properties>
                    <property name="Category" value="TestCase1_Coupon" />
                    <property name="Category" value="GUI" />
                  </properties>
                  <output><![CDATA[BROWSER env not set: Setting to Edge..
Given I am on the eCommerce Website
-> done: LoginSteps.GivenIAmOnTheECommerceWebsite() (0.6s)
And I am logged in as a registered user
Successfully Logged In
Navigated to the Cart Page
Check Cart Cleared
-> done: LoginSteps.GivenIAmLoggedInAsARegisteredUser() (3.8s)
When I add 'Sunglasses' into my cart
Navigated to the Shop Page
Verified that the 'Sunglasses' item exists on the shop page
Added the 'Sunglasses' item to the cart
-> done: CouponDiscountSteps.WhenIAddAnIntoMyCart("Sunglasses") (1.6s)
And I apply the coupon code 'edgewords' to the cart
Verified that the 'Sunglasses' item is in the cart
Valid Coupon Applied: 'edgewords'..
-> done: CouponDiscountSteps.WhenIApplyTheCouponCodeToTheCart("edgewords") (5.5s)
Then I recieve '15'% discount off my total, excluding shipping
Applied a 15% discount
Verified that the discount was correctly applied to the cart..
Expected total value: £80.45, Actual total value: £80.45
Attaching 'Coupon_Discount_Price' screenshot to report
-> done: CouponDiscountSteps.ThenIRecieveDiscountOffMyTotalExcludingShipping(15) (0.3s)
Navigated to Account page
Successfully Logged Out
Test Passed & Completed!

]]></output>
                  <attachments>
                    <attachment>
                      <filePath>C:\Users\AbidMiah\source\repos\uk.co.nfocus.ecommerceproject\uk.co.nfocus.ecommerceproject\Screenshots\Coupon_Discount_Price_2024-02-28 14-07-06.png</filePath>
                      <description><![CDATA[Coupon_Discount_Price png]]></description>
                    </attachment>
                  </attachments>
                </test-case>
                <test-case name="OrderCheckoutProcessAndVerifyInOrderHistory(&quot;Check&quot;,&quot;Hoodie&quot;,null)" fullname="uk.co.nfocus.ecommerceproject.Features.PlacingOrderFeature.OrderCheckoutProcessAndVerifyInOrderHistory(&quot;Check&quot;,&quot;Hoodie&quot;,null)" methodname="OrderCheckoutProcessAndVerifyInOrderHistory(&quot;Check&quot;,&quot;Hoodie&quot;,null)" classname="PlacingOrderFeature" result="Passed" start-time="2024-02-28T 14:07:09Z" end-time="2024-02-28T 14:07:24Z" duration="15.319433" asserts="0" seed="977723268">
                  <properties>
                    <property name="Category" value="TestCase2_Checkout" />
                    <property name="Category" value="GUI" />
                  </properties>
                  <output><![CDATA[BROWSER env not set: Setting to Edge..
Given I am on the eCommerce Website
-> done: LoginSteps.GivenIAmOnTheECommerceWebsite() (0.7s)
And I am logged in as a registered user
Successfully Logged In
Navigated to the Cart Page
Check Cart Cleared
-> done: LoginSteps.GivenIAmLoggedInAsARegisteredUser() (3.7s)
Given that the cart contains 'Hoodie'
Navigated to the Shop Page
Verified that the 'Hoodie' item exists on the shop page
Added the 'Hoodie' item to the cart
-> done: CheckoutProcessSteps.GivenThatTheCartContains("Hoodie") (1.6s)
When I proceed to checkout
Navigated to Checkout page
-> done: CheckoutProcessSteps.WhenIProceedToCheckout() (0.5s)
And I provide the billing details:
  --- table step argument ---
  | first name | last name | address     | city   | postcode | phone number | email                   |
  | Abid       | Miah      | 17 Sui Lane | London | SW19 2JY | 07365827365  | test.email@nfocus.co.uk |
Billing Details Populated..
Validated Billing Details have actually been populated
-> done: CheckoutProcessSteps.WhenIProvideTheBillingDetails(<table>) (0.9s)
When I place the order with 'Check' payment
Cheque Payment Selected
Order Placed..
New Order Number: 10565
Attaching 'New_Order_Number' screenshot to report
-> done: CheckoutProcessSteps.WhenIPlaceTheOrder("Check") (1.4s)
Then the order should appear in my accounts order history
Navigated to Account page
Navigated to All Orders on account page
Verified that the order numbers match from checkout page..
Expected order number: 10565, Actual order number: 10565
Attaching 'Orders' screenshot to report
-> done: CheckoutProcessSteps.ThenTheOrderShouldAppearInMyAccountsOrderHistory() (1.2s)
Successfully Logged Out
Test Passed & Completed!

]]></output>
                  <attachments>
                    <attachment>
                      <filePath>C:\Users\AbidMiah\source\repos\uk.co.nfocus.ecommerceproject\uk.co.nfocus.ecommerceproject\Screenshots\New_Order_Number_2024-02-28 14-07-21.png</filePath>
                      <description><![CDATA[New_Order_Number png]]></description>
                    </attachment>
                    <attachment>
                      <filePath>C:\Users\AbidMiah\source\repos\uk.co.nfocus.ecommerceproject\uk.co.nfocus.ecommerceproject\Screenshots\Orders_2024-02-28 14-07-22.png</filePath>
                      <description><![CDATA[Orders png]]></description>
                    </attachment>
                  </attachments>
                </test-case>
                <test-case name="OrderCheckoutProcessAndVerifyInOrderHistory(&quot;Cash&quot;,&quot;Cap&quot;,null)" fullname="uk.co.nfocus.ecommerceproject.Features.PlacingOrderFeature.OrderCheckoutProcessAndVerifyInOrderHistory(&quot;Cash&quot;,&quot;Cap&quot;,null)" methodname="OrderCheckoutProcessAndVerifyInOrderHistory(&quot;Cash&quot;,&quot;Cap&quot;,null)" classname="PlacingOrderFeature" result="Passed" start-time="2024-02-28T 14:07:24Z" end-time="2024-02-28T 14:07:37Z" duration="13.06634" asserts="0" seed="1988156264">
                  <properties>
                    <property name="Category" value="TestCase2_Checkout" />
                    <property name="Category" value="GUI" />
                  </properties>
                  <output><![CDATA[BROWSER env not set: Setting to Edge..
Given I am on the eCommerce Website
-> done: LoginSteps.GivenIAmOnTheECommerceWebsite() (0.7s)
And I am logged in as a registered user
Successfully Logged In
Navigated to the Cart Page
Check Cart Cleared
-> done: LoginSteps.GivenIAmLoggedInAsARegisteredUser() (1.5s)
Given that the cart contains 'Cap'
Navigated to the Shop Page
Verified that the 'Cap' item exists on the shop page
Added the 'Cap' item to the cart
-> done: CheckoutProcessSteps.GivenThatTheCartContains("Cap") (1.6s)
When I proceed to checkout
Navigated to Checkout page
-> done: CheckoutProcessSteps.WhenIProceedToCheckout() (0.5s)
And I provide the billing details:
  --- table step argument ---
  | first name | last name | address     | city   | postcode | phone number | email                   |
  | Abid       | Miah      | 17 Sui Lane | London | SW19 2JY | 07365827365  | test.email@nfocus.co.uk |
Billing Details Populated..
Validated Billing Details have actually been populated
-> done: CheckoutProcessSteps.WhenIProvideTheBillingDetails(<table>) (0.8s)
When I place the order with 'Cash' payment
Cash Payment Selected
Order Placed..
New Order Number: 10566
Attaching 'New_Order_Number' screenshot to report
-> done: CheckoutProcessSteps.WhenIPlaceTheOrder("Cash") (1.5s)
Then the order should appear in my accounts order history
Navigated to Account page
Navigated to All Orders on account page
Verified that the order numbers match from checkout page..
Expected order number: 10566, Actual order number: 10566
Attaching 'Orders' screenshot to report
-> done: CheckoutProcessSteps.ThenTheOrderShouldAppearInMyAccountsOrderHistory() (1.2s)
Successfully Logged Out
Test Passed & Completed!

]]></output>
                  <attachments>
                    <attachment>
                      <filePath>C:\Users\AbidMiah\source\repos\uk.co.nfocus.ecommerceproject\uk.co.nfocus.ecommerceproject\Screenshots\New_Order_Number_2024-02-28 14-07-34.png</filePath>
                      <description><![CDATA[New_Order_Number png]]></description>
                    </attachment>
                    <attachment>
                      <filePath>C:\Users\AbidMiah\source\repos\uk.co.nfocus.ecommerceproject\uk.co.nfocus.ecommerceproject\Screenshots\Orders_2024-02-28 14-07-35.png</filePath>
                      <description><![CDATA[Orders png]]></description>
                    </attachment>
                  </attachments>
                </test-case>
              </test-suite>
            </test-suite>
          </test-suite>
        </test-suite>
      </test-suite>
    </test-suite>
    <errors />
  </test-suite>
</test-run>