<?xml version="1.0" encoding="utf-8"?>
<TestRun id="15edabec-5144-4565-8b9a-2e483646f82a" name="AbidMiah@DESKTOP-5LOA7S6 2024-02-20 14:11:56" runUser="AzureAD\AbidMiah" xmlns="http://microsoft.com/schemas/VisualStudio/TeamTest/2010">
  <Times creation="2024-02-20T14:11:56.7326796+00:00" queuing="2024-02-20T14:11:56.7326799+00:00" start="2024-02-20T14:11:33.7017428+00:00" finish="2024-02-20T14:12:15.7069951+00:00" />
  <TestSettings name="default" id="17e7d179-837d-4091-b719-a8623ddbe207">
    <Deployment runDeploymentRoot="AbidMiah_DESKTOP-5LOA7S6_2024-02-20_14_11_56" />
  </TestSettings>
  <Results>
    <UnitTestResult executionId="5b182c76-a730-4155-a17b-3fc682ed53b6" testId="8150fd49-b4d1-a311-1ed3-c68a72e5ec31" testName="TestCheckoutOrder" computerName="DESKTOP-5LOA7S6" duration="00:00:22.1211410" startTime="2024-02-20T14:11:34.5559003+00:00" endTime="2024-02-20T14:11:56.6769610+00:00" testType="13cdc9d9-ddb5-4fa4-a97d-d965ccfc6d4b" outcome="Passed" testListId="8c84fa94-04c1-424b-9868-57a2d4851a1d" relativeResultsDirectory="5b182c76-a730-4155-a17b-3fc682ed53b6">
      <Output>
        <StdOut>Successfully Logged In&#xD;
Cart Cleared&#xD;
Navigated to the Shop Page&#xD;
Verified that the 'beanie' item exists on the shop page&#xD;
Added the 'beanie' item to the cart&#xD;
Navigated to the Cart Page&#xD;
Verified that the 'beanie' item is in the cart&#xD;
Billing Details filled in&#xD;
Cheque Payment Selected&#xD;
Order Placed..&#xD;
New Order Number: 10063&#xD;
Attaching 'New-Order-Number' screenshot to report&#xD;
Verified that the order numbers match..&#xD;
Expected order number: 10063, Actual order number: 10063&#xD;
Attaching 'Orders' screenshot to report&#xD;
Test Passed and Completed&#xD;
Successfully Logged Out</StdOut>
      </Output>
      <ResultFiles>
        <ResultFile path="DESKTOP-5LOA7S6\New-Order-Number_2024-02-20 14-11-51.png" />
        <ResultFile path="DESKTOP-5LOA7S6\Orders_2024-02-20 14-11-53.png" />
      </ResultFiles>
    </UnitTestResult>
    <UnitTestResult executionId="6645f2da-3324-42ee-acf4-594b31dd5cb3" testId="5082123d-9807-28b2-2041-b3c668309c8d" testName="TestCouponDiscount" computerName="DESKTOP-5LOA7S6" duration="00:00:18.9216370" startTime="2024-02-20T14:11:56.6789359+00:00" endTime="2024-02-20T14:12:15.6005725+00:00" testType="13cdc9d9-ddb5-4fa4-a97d-d965ccfc6d4b" outcome="Passed" testListId="8c84fa94-04c1-424b-9868-57a2d4851a1d" relativeResultsDirectory="6645f2da-3324-42ee-acf4-594b31dd5cb3">
      <Output>
        <StdOut>Successfully Logged In&#xD;
Cart Cleared&#xD;
Navigated to the Shop Page&#xD;
Verified that the 'beanie' item exists on the shop page&#xD;
Added the 'beanie' item to the cart&#xD;
Navigated to the Cart Page&#xD;
Verified that the 'beanie' item is in the cart&#xD;
Valid Coupon Applied: 'edgewords'&#xD;
Applied a 15% discount&#xD;
Verified that the discount was correctly applied to the cart..&#xD;
Expected total value: £19.25, Actual total value: £19.25&#xD;
Attaching 'Coupon-Discount-Price' screenshot to report&#xD;
Test Passed and Completed&#xD;
Successfully Logged Out</StdOut>
      </Output>
      <ResultFiles>
        <ResultFile path="DESKTOP-5LOA7S6\Coupon-Discount-Price_2024-02-20 14-12-12.png" />
      </ResultFiles>
    </UnitTestResult>
  </Results>
  <TestDefinitions>
    <UnitTest name="TestCouponDiscount" storage="c:\users\abidmiah\source\repos\uk.co.nfocus.ecommerceproject\uk.co.nfocus.ecommerceproject\bin\debug\net6.0\uk.co.nfocus.ecommerceproject.dll" id="5082123d-9807-28b2-2041-b3c668309c8d">
      <Execution id="6645f2da-3324-42ee-acf4-594b31dd5cb3" />
      <TestMethod codeBase="C:\Users\AbidMiah\source\repos\uk.co.nfocus.ecommerceproject\uk.co.nfocus.ecommerceproject\bin\Debug\net6.0\uk.co.nfocus.ecommerceproject.dll" adapterTypeName="executor://nunit3testexecutor/" className="uk.co.nfocus.ecommerceproject.eCommerce" name="TestCouponDiscount" />
    </UnitTest>
    <UnitTest name="TestCheckoutOrder" storage="c:\users\abidmiah\source\repos\uk.co.nfocus.ecommerceproject\uk.co.nfocus.ecommerceproject\bin\debug\net6.0\uk.co.nfocus.ecommerceproject.dll" id="8150fd49-b4d1-a311-1ed3-c68a72e5ec31">
      <Execution id="5b182c76-a730-4155-a17b-3fc682ed53b6" />
      <TestMethod codeBase="C:\Users\AbidMiah\source\repos\uk.co.nfocus.ecommerceproject\uk.co.nfocus.ecommerceproject\bin\Debug\net6.0\uk.co.nfocus.ecommerceproject.dll" adapterTypeName="executor://nunit3testexecutor/" className="uk.co.nfocus.ecommerceproject.eCommerce" name="TestCheckoutOrder" />
    </UnitTest>
  </TestDefinitions>
  <TestEntries>
    <TestEntry testId="8150fd49-b4d1-a311-1ed3-c68a72e5ec31" executionId="5b182c76-a730-4155-a17b-3fc682ed53b6" testListId="8c84fa94-04c1-424b-9868-57a2d4851a1d" />
    <TestEntry testId="5082123d-9807-28b2-2041-b3c668309c8d" executionId="6645f2da-3324-42ee-acf4-594b31dd5cb3" testListId="8c84fa94-04c1-424b-9868-57a2d4851a1d" />
  </TestEntries>
  <TestLists>
    <TestList name="Results Not in a List" id="8c84fa94-04c1-424b-9868-57a2d4851a1d" />
    <TestList name="All Loaded Results" id="19431567-8539-422a-85d7-44ee4e166bda" />
  </TestLists>
  <ResultSummary outcome="Completed">
    <Counters total="2" executed="2" passed="2" failed="0" error="0" timeout="0" aborted="0" inconclusive="0" passedButRunAborted="0" notRunnable="0" notExecuted="0" disconnected="0" warning="0" completed="0" inProgress="0" pending="0" />
    <Output>
      <StdOut>NUnit Adapter 4.5.0.0: Test execution started&#xD;
Running all tests in C:\Users\AbidMiah\source\repos\uk.co.nfocus.ecommerceproject\uk.co.nfocus.ecommerceproject\bin\Debug\net6.0\uk.co.nfocus.ecommerceproject.dll&#xD;
   NUnit3TestExecutor discovered 2 of 2 NUnit test cases using Current Discovery mode, Non-Explicit run&#xD;
NUnit Adapter 4.5.0.0: Test execution complete&#xD;
</StdOut>
    </Output>
    <RunInfos>
      <RunInfo computerName="DESKTOP-5LOA7S6" outcome="Warning" timestamp="2024-02-20T14:11:56.7012879+00:00">
        <Text>Successfully Logged In&#xD;
Cart Cleared&#xD;
Navigated to the Shop Page&#xD;
Verified that the 'beanie' item exists on the shop page&#xD;
Added the 'beanie' item to the cart&#xD;
Navigated to the Cart Page&#xD;
Verified that the 'beanie' item is in the cart&#xD;
Billing Details filled in&#xD;
Cheque Payment Selected&#xD;
Order Placed..&#xD;
New Order Number: 10063&#xD;
Attaching 'New-Order-Number' screenshot to report&#xD;
Verified that the order numbers match..&#xD;
Expected order number: 10063, Actual order number: 10063&#xD;
Attaching 'Orders' screenshot to report&#xD;
Test Passed and Completed&#xD;
Successfully Logged Out&#xD;
</Text>
      </RunInfo>
      <RunInfo computerName="DESKTOP-5LOA7S6" outcome="Warning" timestamp="2024-02-20T14:12:15.6023778+00:00">
        <Text>Successfully Logged In&#xD;
Cart Cleared&#xD;
Navigated to the Shop Page&#xD;
Verified that the 'beanie' item exists on the shop page&#xD;
Added the 'beanie' item to the cart&#xD;
Navigated to the Cart Page&#xD;
Verified that the 'beanie' item is in the cart&#xD;
Valid Coupon Applied: 'edgewords'&#xD;
Applied a 15% discount&#xD;
Verified that the discount was correctly applied to the cart..&#xD;
Expected total value: £19.25, Actual total value: £19.25&#xD;
Attaching 'Coupon-Discount-Price' screenshot to report&#xD;
Test Passed and Completed&#xD;
Successfully Logged Out&#xD;
</Text>
      </RunInfo>
    </RunInfos>
  </ResultSummary>
</TestRun>