<?xml version="1.0" encoding="utf-8"?>
<TestRun id="7e97c142-be7f-4011-aba4-edafb26dce6f" name="AbidMiah@DESKTOP-5LOA7S6 2024-03-15 15:53:22" runUser="AzureAD\AbidMiah" xmlns="http://microsoft.com/schemas/VisualStudio/TeamTest/2010">
  <Times creation="2024-03-15T15:53:22.7655501+00:00" queuing="2024-03-15T15:53:22.7655507+00:00" start="2024-03-15T15:53:02.0276123+00:00" finish="2024-03-15T15:54:17.0477527+00:00" />
  <TestSettings name="default" id="6ed689d5-4558-419e-8464-886ec8d3ff77">
    <Deployment runDeploymentRoot="AbidMiah_DESKTOP-5LOA7S6_2024-03-15_15_53_22" />
  </TestSettings>
  <Results>
    <UnitTestResult executionId="3f338946-92ed-43fc-8545-d6d073905a81" testId="bafc90d7-e23d-2b5f-0a61-6ea0b2548db1" testName="ApplyingADiscountToTheShoppingCart(&quot;Polo&quot;,&quot;edgewords&quot;,&quot;15&quot;,null)" computerName="DESKTOP-5LOA7S6" duration="00:00:19.3330640" startTime="2024-03-15T15:53:22.6739864+00:00" endTime="2024-03-15T15:53:42.0070502+00:00" testType="13cdc9d9-ddb5-4fa4-a97d-d965ccfc6d4b" outcome="Passed" testListId="8c84fa94-04c1-424b-9868-57a2d4851a1d" relativeResultsDirectory="3f338946-92ed-43fc-8545-d6d073905a81">
      <Output>
        <StdOut>Given I am on the eCommerce Website&#xD;
-&gt; done: LoginSteps.GivenIAmOnTheECommerceWebsite() (1.0s)&#xD;
And I am logged in as a registered user&#xD;
-&gt; Successfully Logged In&#xD;
-&gt; done: LoginSteps.GivenIAmLoggedInAsAUser() (1.5s)&#xD;
When I add 'Polo' into my cart&#xD;
-&gt; Navigated to the Shop Page&#xD;
-&gt; 'Polo' exists on the shop page..&#xD;
-&gt; Added to Cart&#xD;
-&gt; done: CouponDiscountSteps.WhenIAddAnIntoMyCart("Polo") (2.0s)&#xD;
And I apply the coupon code 'edgewords' to the cart&#xD;
-&gt; Verified that the 'Polo' item is in the cart&#xD;
-&gt; Valid Coupon Applied: 'edgewords'..&#xD;
-&gt; done: CouponDiscountSteps.WhenIApplyTheCouponCode("edgewords") (5.6s)&#xD;
Then I recieve 15% discount off my total, excluding shipping&#xD;
-&gt; Applied a 15% discount&#xD;
-&gt; Verified that the discount was correctly applied to the cart..&#xD;
-&gt; Expected total value: £20.95, Actual total value: £20.95&#xD;
-&gt; Attaching 'Total Price with Discount' screenshot to report&#xD;
-&gt; done: CouponDiscountSteps.ThenIRecieveDiscount(15) (0.2s)&#xD;
-&gt; Check Cart Cleared&#xD;
-&gt; Navigated to Account page&#xD;
-&gt; Successfully Logged Out&#xD;
-&gt; Test Passed &amp; Completed!</StdOut>
      </Output>
      <ResultFiles>
        <ResultFile path="DESKTOP-5LOA7S6\Total Price with Discount, 2024-03-15 15-53-36.png" />
      </ResultFiles>
    </UnitTestResult>
    <UnitTestResult executionId="447e03e3-fab0-46e6-b66f-1c2100625894" testId="2d77bfce-afd2-c7ad-3320-5f7f97b26228" testName="OrderCheckoutProcessAndVerifyInOrderHistory(&quot;Cash&quot;,&quot;Cap&quot;,null)" computerName="DESKTOP-5LOA7S6" duration="00:00:17.0829910" startTime="2024-03-15T15:53:59.7222058+00:00" endTime="2024-03-15T15:54:16.8051958+00:00" testType="13cdc9d9-ddb5-4fa4-a97d-d965ccfc6d4b" outcome="Passed" testListId="8c84fa94-04c1-424b-9868-57a2d4851a1d" relativeResultsDirectory="447e03e3-fab0-46e6-b66f-1c2100625894">
      <Output>
        <StdOut>Given I am on the eCommerce Website&#xD;
-&gt; done: LoginSteps.GivenIAmOnTheECommerceWebsite() (0.8s)&#xD;
And I am logged in as a registered user&#xD;
-&gt; Successfully Logged In&#xD;
-&gt; done: LoginSteps.GivenIAmLoggedInAsAUser() (1.4s)&#xD;
Given that the cart contains 'Cap'&#xD;
-&gt; Navigated to the Shop Page&#xD;
-&gt; 'Cap' exists on the shop page..&#xD;
-&gt; Added to Cart&#xD;
-&gt; done: CouponDiscountSteps.WhenIAddAnIntoMyCart("Cap") (2.0s)&#xD;
When I proceed to checkout&#xD;
-&gt; Navigated to Checkout page&#xD;
-&gt; done: CheckoutProcessSteps.WhenIProceedToCheckout() (0.6s)&#xD;
And I provide the billing details:&#xD;
  --- table step argument ---&#xD;
  | FName | LName | Address      | City   | Postcode | Phone       | Email                   |&#xD;
  | Abid  | Miah  | 17 Sewi Lane | London | SW19 2JY | 07365827365 | test.email@nfocus.co.uk |&#xD;
-&gt; Billing Details Populated..&#xD;
-&gt; Validated Billing Details have actually been populated&#xD;
-&gt; done: CheckoutProcessSteps.WhenIProvideTheBillingDetails(uk.co.nfocus.ecom...) (1.9s)&#xD;
And I place the order with 'Cash' payment&#xD;
-&gt; Cash Payment Selected&#xD;
-&gt; Order Placed..&#xD;
-&gt; New Order Number: 11559&#xD;
-&gt; Attaching 'New Order Number' screenshot to report&#xD;
-&gt; done: CheckoutProcessSteps.WhenIPlaceTheOrder("Cash") (1.7s)&#xD;
Then the order should appear in my accounts order history&#xD;
-&gt; Navigated to Account page&#xD;
-&gt; Navigated to All Orders on account page&#xD;
-&gt; Verified that the order numbers match from checkout page..&#xD;
-&gt; Expected order number: 11559, Actual order number: 11559&#xD;
-&gt; Attaching 'All Orders' screenshot to report&#xD;
-&gt; done: CheckoutProcessSteps.ThenTheOrderShouldBeInHistory() (1.4s)&#xD;
-&gt; Navigated to the Cart Page&#xD;
-&gt; Check Cart Cleared&#xD;
-&gt; Navigated to Account page&#xD;
-&gt; Successfully Logged Out&#xD;
-&gt; Test Passed &amp; Completed!</StdOut>
      </Output>
      <ResultFiles>
        <ResultFile path="DESKTOP-5LOA7S6\All Orders, 2024-03-15 15-54-12.png" />
        <ResultFile path="DESKTOP-5LOA7S6\New Order Number, 2024-03-15 15-54-11.png" />
      </ResultFiles>
    </UnitTestResult>
    <UnitTestResult executionId="f89731f0-a3eb-4a05-a19a-b09798bc939f" testId="c41fc651-f7c5-54ec-8138-c80103df05e3" testName="ApplyingADiscountToTheShoppingCart(&quot;Beanie&quot;,&quot;nfocus&quot;,&quot;25&quot;,null)" computerName="DESKTOP-5LOA7S6" duration="00:00:19.5101030" startTime="2024-03-15T15:53:03.1603562+00:00" endTime="2024-03-15T15:53:22.6703906+00:00" testType="13cdc9d9-ddb5-4fa4-a97d-d965ccfc6d4b" outcome="Passed" testListId="8c84fa94-04c1-424b-9868-57a2d4851a1d" relativeResultsDirectory="f89731f0-a3eb-4a05-a19a-b09798bc939f">
      <Output>
        <StdOut>Given I am on the eCommerce Website&#xD;
-&gt; done: LoginSteps.GivenIAmOnTheECommerceWebsite() (1.1s)&#xD;
And I am logged in as a registered user&#xD;
-&gt; Successfully Logged In&#xD;
-&gt; done: LoginSteps.GivenIAmLoggedInAsAUser() (1.5s)&#xD;
When I add 'Beanie' into my cart&#xD;
-&gt; Navigated to the Shop Page&#xD;
-&gt; 'Beanie' exists on the shop page..&#xD;
-&gt; Added to Cart&#xD;
-&gt; done: CouponDiscountSteps.WhenIAddAnIntoMyCart("Beanie") (2.0s)&#xD;
And I apply the coupon code 'nfocus' to the cart&#xD;
-&gt; Verified that the 'Beanie' item is in the cart&#xD;
-&gt; Valid Coupon Applied: 'nfocus'..&#xD;
-&gt; done: CouponDiscountSteps.WhenIApplyTheCouponCode("nfocus") (5.6s)&#xD;
Then I recieve 25% discount off my total, excluding shipping&#xD;
-&gt; Applied a 25% discount&#xD;
-&gt; Verified that the discount was correctly applied to the cart..&#xD;
-&gt; Expected total value: £17.45, Actual total value: £17.45&#xD;
-&gt; Attaching 'Total Price with Discount' screenshot to report&#xD;
-&gt; done: CouponDiscountSteps.ThenIRecieveDiscount(25) (0.2s)&#xD;
-&gt; Check Cart Cleared&#xD;
-&gt; Navigated to Account page&#xD;
-&gt; Successfully Logged Out&#xD;
-&gt; Test Passed &amp; Completed!</StdOut>
      </Output>
      <ResultFiles>
        <ResultFile path="DESKTOP-5LOA7S6\Total Price with Discount, 2024-03-15 15-53-16.png" />
      </ResultFiles>
    </UnitTestResult>
    <UnitTestResult executionId="8d2db298-710c-4845-ab24-3129849b08d4" testId="32ea3815-a468-b215-d24b-266cba78adf2" testName="OrderCheckoutProcessAndVerifyInOrderHistory(&quot;Check&quot;,&quot;Hoodie&quot;,null)" computerName="DESKTOP-5LOA7S6" duration="00:00:17.6888930" startTime="2024-03-15T15:53:42.0266378+00:00" endTime="2024-03-15T15:53:59.7155293+00:00" testType="13cdc9d9-ddb5-4fa4-a97d-d965ccfc6d4b" outcome="Passed" testListId="8c84fa94-04c1-424b-9868-57a2d4851a1d" relativeResultsDirectory="8d2db298-710c-4845-ab24-3129849b08d4">
      <Output>
        <StdOut>Given I am on the eCommerce Website&#xD;
-&gt; done: LoginSteps.GivenIAmOnTheECommerceWebsite() (0.9s)&#xD;
And I am logged in as a registered user&#xD;
-&gt; Successfully Logged In&#xD;
-&gt; done: LoginSteps.GivenIAmLoggedInAsAUser() (1.6s)&#xD;
Given that the cart contains 'Hoodie'&#xD;
-&gt; Navigated to the Shop Page&#xD;
-&gt; 'Hoodie' exists on the shop page..&#xD;
-&gt; Added to Cart&#xD;
-&gt; done: CouponDiscountSteps.WhenIAddAnIntoMyCart("Hoodie") (1.9s)&#xD;
When I proceed to checkout&#xD;
-&gt; Navigated to Checkout page&#xD;
-&gt; done: CheckoutProcessSteps.WhenIProceedToCheckout() (0.6s)&#xD;
And I provide the billing details:&#xD;
  --- table step argument ---&#xD;
  | FName | LName | Address      | City   | Postcode | Phone       | Email                   |&#xD;
  | Abid  | Miah  | 17 Sewi Lane | London | SW19 2JY | 07365827365 | test.email@nfocus.co.uk |&#xD;
-&gt; Billing Details Populated..&#xD;
-&gt; Validated Billing Details have actually been populated&#xD;
-&gt; done: CheckoutProcessSteps.WhenIProvideTheBillingDetails(uk.co.nfocus.ecom...) (1.9s)&#xD;
And I place the order with 'Check' payment&#xD;
-&gt; Cheque Payment Selected&#xD;
-&gt; Order Placed..&#xD;
-&gt; New Order Number: 11558&#xD;
-&gt; Attaching 'New Order Number' screenshot to report&#xD;
-&gt; done: CheckoutProcessSteps.WhenIPlaceTheOrder("Check") (1.9s)&#xD;
Then the order should appear in my accounts order history&#xD;
-&gt; Navigated to Account page&#xD;
-&gt; Navigated to All Orders on account page&#xD;
-&gt; Verified that the order numbers match from checkout page..&#xD;
-&gt; Expected order number: 11558, Actual order number: 11558&#xD;
-&gt; Attaching 'All Orders' screenshot to report&#xD;
-&gt; done: CheckoutProcessSteps.ThenTheOrderShouldBeInHistory() (1.5s)&#xD;
-&gt; Navigated to the Cart Page&#xD;
-&gt; Check Cart Cleared&#xD;
-&gt; Navigated to Account page&#xD;
-&gt; Successfully Logged Out&#xD;
-&gt; Test Passed &amp; Completed!</StdOut>
      </Output>
      <ResultFiles>
        <ResultFile path="DESKTOP-5LOA7S6\All Orders, 2024-03-15 15-53-55.png" />
        <ResultFile path="DESKTOP-5LOA7S6\New Order Number, 2024-03-15 15-53-54.png" />
      </ResultFiles>
    </UnitTestResult>
  </Results>
  <TestDefinitions>
    <UnitTest name="ApplyingADiscountToTheShoppingCart(&quot;Beanie&quot;,&quot;nfocus&quot;,&quot;25&quot;,null)" storage="c:\users\abidmiah\source\repos\uk.co.nfocus.ecommerceproject\uk.co.nfocus.ecommerceproject\bin\debug\net6.0\uk.co.nfocus.ecommerceproject.dll" id="c41fc651-f7c5-54ec-8138-c80103df05e3">
      <Execution id="f89731f0-a3eb-4a05-a19a-b09798bc939f" />
      <TestMethod codeBase="C:\Users\AbidMiah\source\repos\uk.co.nfocus.ecommerceproject\uk.co.nfocus.ecommerceproject\bin\Debug\net6.0\uk.co.nfocus.ecommerceproject.dll" adapterTypeName="executor://nunit3testexecutor/" className="uk.co.nfocus.ecommerceproject.Features.PlacingOrderFeature" name="ApplyingADiscountToTheShoppingCart(&quot;Beanie&quot;,&quot;nfocus&quot;,&quot;25&quot;,null)" />
    </UnitTest>
    <UnitTest name="ApplyingADiscountToTheShoppingCart(&quot;Polo&quot;,&quot;edgewords&quot;,&quot;15&quot;,null)" storage="c:\users\abidmiah\source\repos\uk.co.nfocus.ecommerceproject\uk.co.nfocus.ecommerceproject\bin\debug\net6.0\uk.co.nfocus.ecommerceproject.dll" id="bafc90d7-e23d-2b5f-0a61-6ea0b2548db1">
      <Execution id="3f338946-92ed-43fc-8545-d6d073905a81" />
      <TestMethod codeBase="C:\Users\AbidMiah\source\repos\uk.co.nfocus.ecommerceproject\uk.co.nfocus.ecommerceproject\bin\Debug\net6.0\uk.co.nfocus.ecommerceproject.dll" adapterTypeName="executor://nunit3testexecutor/" className="uk.co.nfocus.ecommerceproject.Features.PlacingOrderFeature" name="ApplyingADiscountToTheShoppingCart(&quot;Polo&quot;,&quot;edgewords&quot;,&quot;15&quot;,null)" />
    </UnitTest>
    <UnitTest name="OrderCheckoutProcessAndVerifyInOrderHistory(&quot;Cash&quot;,&quot;Cap&quot;,null)" storage="c:\users\abidmiah\source\repos\uk.co.nfocus.ecommerceproject\uk.co.nfocus.ecommerceproject\bin\debug\net6.0\uk.co.nfocus.ecommerceproject.dll" id="2d77bfce-afd2-c7ad-3320-5f7f97b26228">
      <Execution id="447e03e3-fab0-46e6-b66f-1c2100625894" />
      <TestMethod codeBase="C:\Users\AbidMiah\source\repos\uk.co.nfocus.ecommerceproject\uk.co.nfocus.ecommerceproject\bin\Debug\net6.0\uk.co.nfocus.ecommerceproject.dll" adapterTypeName="executor://nunit3testexecutor/" className="uk.co.nfocus.ecommerceproject.Features.PlacingOrderFeature" name="OrderCheckoutProcessAndVerifyInOrderHistory(&quot;Cash&quot;,&quot;Cap&quot;,null)" />
    </UnitTest>
    <UnitTest name="OrderCheckoutProcessAndVerifyInOrderHistory(&quot;Check&quot;,&quot;Hoodie&quot;,null)" storage="c:\users\abidmiah\source\repos\uk.co.nfocus.ecommerceproject\uk.co.nfocus.ecommerceproject\bin\debug\net6.0\uk.co.nfocus.ecommerceproject.dll" id="32ea3815-a468-b215-d24b-266cba78adf2">
      <Execution id="8d2db298-710c-4845-ab24-3129849b08d4" />
      <TestMethod codeBase="C:\Users\AbidMiah\source\repos\uk.co.nfocus.ecommerceproject\uk.co.nfocus.ecommerceproject\bin\Debug\net6.0\uk.co.nfocus.ecommerceproject.dll" adapterTypeName="executor://nunit3testexecutor/" className="uk.co.nfocus.ecommerceproject.Features.PlacingOrderFeature" name="OrderCheckoutProcessAndVerifyInOrderHistory(&quot;Check&quot;,&quot;Hoodie&quot;,null)" />
    </UnitTest>
  </TestDefinitions>
  <TestEntries>
    <TestEntry testId="bafc90d7-e23d-2b5f-0a61-6ea0b2548db1" executionId="3f338946-92ed-43fc-8545-d6d073905a81" testListId="8c84fa94-04c1-424b-9868-57a2d4851a1d" />
    <TestEntry testId="2d77bfce-afd2-c7ad-3320-5f7f97b26228" executionId="447e03e3-fab0-46e6-b66f-1c2100625894" testListId="8c84fa94-04c1-424b-9868-57a2d4851a1d" />
    <TestEntry testId="c41fc651-f7c5-54ec-8138-c80103df05e3" executionId="f89731f0-a3eb-4a05-a19a-b09798bc939f" testListId="8c84fa94-04c1-424b-9868-57a2d4851a1d" />
    <TestEntry testId="32ea3815-a468-b215-d24b-266cba78adf2" executionId="8d2db298-710c-4845-ab24-3129849b08d4" testListId="8c84fa94-04c1-424b-9868-57a2d4851a1d" />
  </TestEntries>
  <TestLists>
    <TestList name="Results Not in a List" id="8c84fa94-04c1-424b-9868-57a2d4851a1d" />
    <TestList name="All Loaded Results" id="19431567-8539-422a-85d7-44ee4e166bda" />
  </TestLists>
  <ResultSummary outcome="Completed">
    <Counters total="4" executed="4" passed="4" failed="0" error="0" timeout="0" aborted="0" inconclusive="0" passedButRunAborted="0" notRunnable="0" notExecuted="0" disconnected="0" warning="0" completed="0" inProgress="0" pending="0" />
    <Output>
      <StdOut>NUnit Adapter 4.5.0.0: Test execution started&#xD;
Running all tests in C:\Users\AbidMiah\source\repos\uk.co.nfocus.ecommerceproject\uk.co.nfocus.ecommerceproject\bin\Debug\net6.0\uk.co.nfocus.ecommerceproject.dll&#xD;
   NUnit3TestExecutor discovered 4 of 4 NUnit test cases using Current Discovery mode, Non-Explicit run&#xD;
NUnit Adapter 4.5.0.0: Test execution complete&#xD;
</StdOut>
    </Output>
    <RunInfos>
      <RunInfo computerName="DESKTOP-5LOA7S6" outcome="Warning" timestamp="2024-03-15T15:53:22.6921298+00:00">
        <Text>Given I am on the eCommerce Website&#xD;
-&gt; done: LoginSteps.GivenIAmOnTheECommerceWebsite() (1.1s)&#xD;
And I am logged in as a registered user&#xD;
-&gt; Successfully Logged In&#xD;
-&gt; done: LoginSteps.GivenIAmLoggedInAsAUser() (1.5s)&#xD;
When I add 'Beanie' into my cart&#xD;
-&gt; Navigated to the Shop Page&#xD;
-&gt; 'Beanie' exists on the shop page..&#xD;
-&gt; Added to Cart&#xD;
-&gt; done: CouponDiscountSteps.WhenIAddAnIntoMyCart("Beanie") (2.0s)&#xD;
And I apply the coupon code 'nfocus' to the cart&#xD;
-&gt; Verified that the 'Beanie' item is in the cart&#xD;
-&gt; Valid Coupon Applied: 'nfocus'..&#xD;
-&gt; done: CouponDiscountSteps.WhenIApplyTheCouponCode("nfocus") (5.6s)&#xD;
Then I recieve 25% discount off my total, excluding shipping&#xD;
-&gt; Applied a 25% discount&#xD;
-&gt; Verified that the discount was correctly applied to the cart..&#xD;
-&gt; Expected total value: £17.45, Actual total value: £17.45&#xD;
-&gt; Attaching 'Total Price with Discount' screenshot to report&#xD;
-&gt; done: CouponDiscountSteps.ThenIRecieveDiscount(25) (0.2s)&#xD;
-&gt; Check Cart Cleared&#xD;
-&gt; Navigated to Account page&#xD;
-&gt; Successfully Logged Out&#xD;
-&gt; Test Passed &amp; Completed!&#xD;
</Text>
      </RunInfo>
      <RunInfo computerName="DESKTOP-5LOA7S6" outcome="Warning" timestamp="2024-03-15T15:53:42.0094633+00:00">
        <Text>Given I am on the eCommerce Website&#xD;
-&gt; done: LoginSteps.GivenIAmOnTheECommerceWebsite() (1.0s)&#xD;
And I am logged in as a registered user&#xD;
-&gt; Successfully Logged In&#xD;
-&gt; done: LoginSteps.GivenIAmLoggedInAsAUser() (1.5s)&#xD;
When I add 'Polo' into my cart&#xD;
-&gt; Navigated to the Shop Page&#xD;
-&gt; 'Polo' exists on the shop page..&#xD;
-&gt; Added to Cart&#xD;
-&gt; done: CouponDiscountSteps.WhenIAddAnIntoMyCart("Polo") (2.0s)&#xD;
And I apply the coupon code 'edgewords' to the cart&#xD;
-&gt; Verified that the 'Polo' item is in the cart&#xD;
-&gt; Valid Coupon Applied: 'edgewords'..&#xD;
-&gt; done: CouponDiscountSteps.WhenIApplyTheCouponCode("edgewords") (5.6s)&#xD;
Then I recieve 15% discount off my total, excluding shipping&#xD;
-&gt; Applied a 15% discount&#xD;
-&gt; Verified that the discount was correctly applied to the cart..&#xD;
-&gt; Expected total value: £20.95, Actual total value: £20.95&#xD;
-&gt; Attaching 'Total Price with Discount' screenshot to report&#xD;
-&gt; done: CouponDiscountSteps.ThenIRecieveDiscount(15) (0.2s)&#xD;
-&gt; Check Cart Cleared&#xD;
-&gt; Navigated to Account page&#xD;
-&gt; Successfully Logged Out&#xD;
-&gt; Test Passed &amp; Completed!&#xD;
</Text>
      </RunInfo>
      <RunInfo computerName="DESKTOP-5LOA7S6" outcome="Warning" timestamp="2024-03-15T15:53:59.7186105+00:00">
        <Text>Given I am on the eCommerce Website&#xD;
-&gt; done: LoginSteps.GivenIAmOnTheECommerceWebsite() (0.9s)&#xD;
And I am logged in as a registered user&#xD;
-&gt; Successfully Logged In&#xD;
-&gt; done: LoginSteps.GivenIAmLoggedInAsAUser() (1.6s)&#xD;
Given that the cart contains 'Hoodie'&#xD;
-&gt; Navigated to the Shop Page&#xD;
-&gt; 'Hoodie' exists on the shop page..&#xD;
-&gt; Added to Cart&#xD;
-&gt; done: CouponDiscountSteps.WhenIAddAnIntoMyCart("Hoodie") (1.9s)&#xD;
When I proceed to checkout&#xD;
-&gt; Navigated to Checkout page&#xD;
-&gt; done: CheckoutProcessSteps.WhenIProceedToCheckout() (0.6s)&#xD;
And I provide the billing details:&#xD;
  --- table step argument ---&#xD;
  | FName | LName | Address      | City   | Postcode | Phone       | Email                   |&#xD;
  | Abid  | Miah  | 17 Sewi Lane | London | SW19 2JY | 07365827365 | test.email@nfocus.co.uk |&#xD;
-&gt; Billing Details Populated..&#xD;
-&gt; Validated Billing Details have actually been populated&#xD;
-&gt; done: CheckoutProcessSteps.WhenIProvideTheBillingDetails(uk.co.nfocus.ecom...) (1.9s)&#xD;
And I place the order with 'Check' payment&#xD;
-&gt; Cheque Payment Selected&#xD;
-&gt; Order Placed..&#xD;
-&gt; New Order Number: 11558&#xD;
-&gt; Attaching 'New Order Number' screenshot to report&#xD;
-&gt; done: CheckoutProcessSteps.WhenIPlaceTheOrder("Check") (1.9s)&#xD;
Then the order should appear in my accounts order history&#xD;
-&gt; Navigated to Account page&#xD;
-&gt; Navigated to All Orders on account page&#xD;
-&gt; Verified that the order numbers match from checkout page..&#xD;
-&gt; Expected order number: 11558, Actual order number: 11558&#xD;
-&gt; Attaching 'All Orders' screenshot to report&#xD;
-&gt; done: CheckoutProcessSteps.ThenTheOrderShouldBeInHistory() (1.5s)&#xD;
-&gt; Navigated to the Cart Page&#xD;
-&gt; Check Cart Cleared&#xD;
-&gt; Navigated to Account page&#xD;
-&gt; Successfully Logged Out&#xD;
-&gt; Test Passed &amp; Completed!&#xD;
</Text>
      </RunInfo>
      <RunInfo computerName="DESKTOP-5LOA7S6" outcome="Warning" timestamp="2024-03-15T15:54:16.8067647+00:00">
        <Text>Given I am on the eCommerce Website&#xD;
-&gt; done: LoginSteps.GivenIAmOnTheECommerceWebsite() (0.8s)&#xD;
And I am logged in as a registered user&#xD;
-&gt; Successfully Logged In&#xD;
-&gt; done: LoginSteps.GivenIAmLoggedInAsAUser() (1.4s)&#xD;
Given that the cart contains 'Cap'&#xD;
-&gt; Navigated to the Shop Page&#xD;
-&gt; 'Cap' exists on the shop page..&#xD;
-&gt; Added to Cart&#xD;
-&gt; done: CouponDiscountSteps.WhenIAddAnIntoMyCart("Cap") (2.0s)&#xD;
When I proceed to checkout&#xD;
-&gt; Navigated to Checkout page&#xD;
-&gt; done: CheckoutProcessSteps.WhenIProceedToCheckout() (0.6s)&#xD;
And I provide the billing details:&#xD;
  --- table step argument ---&#xD;
  | FName | LName | Address      | City   | Postcode | Phone       | Email                   |&#xD;
  | Abid  | Miah  | 17 Sewi Lane | London | SW19 2JY | 07365827365 | test.email@nfocus.co.uk |&#xD;
-&gt; Billing Details Populated..&#xD;
-&gt; Validated Billing Details have actually been populated&#xD;
-&gt; done: CheckoutProcessSteps.WhenIProvideTheBillingDetails(uk.co.nfocus.ecom...) (1.9s)&#xD;
And I place the order with 'Cash' payment&#xD;
-&gt; Cash Payment Selected&#xD;
-&gt; Order Placed..&#xD;
-&gt; New Order Number: 11559&#xD;
-&gt; Attaching 'New Order Number' screenshot to report&#xD;
-&gt; done: CheckoutProcessSteps.WhenIPlaceTheOrder("Cash") (1.7s)&#xD;
Then the order should appear in my accounts order history&#xD;
-&gt; Navigated to Account page&#xD;
-&gt; Navigated to All Orders on account page&#xD;
-&gt; Verified that the order numbers match from checkout page..&#xD;
-&gt; Expected order number: 11559, Actual order number: 11559&#xD;
-&gt; Attaching 'All Orders' screenshot to report&#xD;
-&gt; done: CheckoutProcessSteps.ThenTheOrderShouldBeInHistory() (1.4s)&#xD;
-&gt; Navigated to the Cart Page&#xD;
-&gt; Check Cart Cleared&#xD;
-&gt; Navigated to Account page&#xD;
-&gt; Successfully Logged Out&#xD;
-&gt; Test Passed &amp; Completed!&#xD;
</Text>
      </RunInfo>
    </RunInfos>
  </ResultSummary>
</TestRun>